2018-01-25 08:27:25,596 ERROR [main] - System.err - [org.eclipse.jdt.launching] error can't determine modifiers of missing type org.eclipse.pde.internal.ui.wizards.imports.PluginImportHelper
when weaving type org.eclipse.jdt.launching.JavaRuntime
when weaving classes 
when weaving 
 [Xlint:cantFindType]
2018-01-25 08:28:40,138 ERROR [main] - System.err - [org.eclipse.jdt.debug.ui] error can't determine modifiers of missing type org.eclipse.pde.internal.ui.wizards.imports.PluginImportHelper
when weaving type org.eclipse.jdt.internal.debug.ui.actions.RetargettableActionAdapterFactory
when weaving classes 
when weaving 
 [Xlint:cantFindType]
2018-01-25 08:28:40,498 ERROR [main] - System.err - [org.eclipse.jdt.debug] error can't determine modifiers of missing type org.eclipse.pde.internal.ui.wizards.imports.PluginImportHelper
when weaving type org.eclipse.jdt.debug.core.IJavaHotCodeReplaceListener
when weaving classes 
when weaving 
 [Xlint:cantFindType]
2018-01-25 08:29:44,462 ERROR [main] - System.err - [org.eclipse.jdt.junit] error can't determine modifiers of missing type org.eclipse.pde.internal.ui.wizards.imports.PluginImportHelper
when weaving type org.eclipse.jdt.internal.junit.ui.JUnitQuickFixProcessor
when weaving classes 
when weaving 
 [Xlint:cantFindType]
2018-01-28 12:01:03,637 ERROR [main] - System.err - [org.eclipse.jdt.launching] error can't determine modifiers of missing type org.eclipse.pde.internal.ui.wizards.imports.PluginImportHelper
when weaving type org.eclipse.jdt.launching.JavaRuntime
when weaving classes 
when weaving 
 [Xlint:cantFindType]
2018-01-28 12:02:17,488 ERROR [main] - System.err - [org.eclipse.jdt.debug.ui] error can't determine modifiers of missing type org.eclipse.pde.internal.ui.wizards.imports.PluginImportHelper
when weaving type org.eclipse.jdt.internal.debug.ui.actions.RetargettableActionAdapterFactory
when weaving classes 
when weaving 
 [Xlint:cantFindType]
2018-01-28 12:02:17,868 ERROR [main] - System.err - [org.eclipse.jdt.debug] error can't determine modifiers of missing type org.eclipse.pde.internal.ui.wizards.imports.PluginImportHelper
when weaving type org.eclipse.jdt.debug.core.IJavaHotCodeReplaceListener
when weaving classes 
when weaving 
 [Xlint:cantFindType]
2018-01-28 12:03:08,093 ERROR [main] - System.err - [org.eclipse.jdt.junit] error can't determine modifiers of missing type org.eclipse.pde.internal.ui.wizards.imports.PluginImportHelper
when weaving type org.eclipse.jdt.internal.junit.ui.JUnitQuickFixProcessor
when weaving classes 
when weaving 
 [Xlint:cantFindType]
2018-01-29 09:28:48,210 ERROR [main] - System.err - [org.eclipse.jdt.launching] error can't determine modifiers of missing type org.eclipse.pde.internal.ui.wizards.imports.PluginImportHelper
when weaving type org.eclipse.jdt.launching.JavaRuntime
when weaving classes 
when weaving 
 [Xlint:cantFindType]
2018-01-29 09:29:08,039 ERROR [main] - System.err - [org.eclipse.jdt.debug] error can't determine modifiers of missing type org.eclipse.pde.internal.ui.wizards.imports.PluginImportHelper
when weaving type org.eclipse.jdt.internal.debug.core.breakpoints.JavaLineBreakpoint
when weaving classes 
when weaving 
 [Xlint:cantFindType]
2018-01-29 09:29:09,189 ERROR [main] - System.err - [org.eclipse.jdt.debug.ui] error can't determine modifiers of missing type org.eclipse.pde.internal.ui.wizards.imports.PluginImportHelper
when weaving type org.eclipse.jdt.internal.debug.ui.actions.RetargettableActionAdapterFactory
when weaving classes 
when weaving 
 [Xlint:cantFindType]
2018-01-29 09:30:35,364 ERROR [main] - System.err - [org.eclipse.jdt.junit] error can't determine modifiers of missing type org.eclipse.pde.internal.ui.wizards.imports.PluginImportHelper
when weaving type org.eclipse.jdt.internal.junit.ui.JUnitQuickFixProcessor
when weaving classes 
when weaving 
 [Xlint:cantFindType]
2018-01-30 08:27:01,160 ERROR [main] - System.err - [org.eclipse.jdt.launching] error can't determine modifiers of missing type org.eclipse.pde.internal.ui.wizards.imports.PluginImportHelper
when weaving type org.eclipse.jdt.launching.JavaRuntime
when weaving classes 
when weaving 
 [Xlint:cantFindType]
2018-01-30 08:27:26,421 ERROR [main] - System.err - [org.eclipse.jdt.debug] error can't determine modifiers of missing type org.eclipse.pde.internal.ui.wizards.imports.PluginImportHelper
when weaving type org.eclipse.jdt.internal.debug.core.breakpoints.JavaLineBreakpoint
when weaving classes 
when weaving 
 [Xlint:cantFindType]
2018-01-30 08:27:42,697 ERROR [main] - System.err - [org.eclipse.jdt.debug.ui] error can't determine modifiers of missing type org.eclipse.pde.internal.ui.wizards.imports.PluginImportHelper
when weaving type org.eclipse.jdt.internal.debug.core.refactoring.LaunchConfigurationITypeMoveParticipant
when weaving classes 
when weaving 
 [Xlint:cantFindType]
2018-01-30 08:27:47,905 ERROR [main] - System.err - [org.eclipse.jdt.junit] error can't determine modifiers of missing type org.eclipse.pde.internal.ui.wizards.imports.PluginImportHelper
when weaving type org.eclipse.jdt.internal.junit.ui.JUnitQuickFixProcessor
when weaving classes 
when weaving 
 [Xlint:cantFindType]
2018-01-30 08:28:44,639 ERROR [Compiler Processing Task] - System.err - The method public List<IAction> getActions(eight_puzzle.State)  is wrongly tagged as containing missing types
2018-01-31 08:24:44,787 ERROR [main] - System.err - [org.eclipse.jdt.launching] error can't determine modifiers of missing type org.eclipse.pde.internal.ui.wizards.imports.PluginImportHelper
when weaving type org.eclipse.jdt.launching.JavaRuntime
when weaving classes 
when weaving 
 [Xlint:cantFindType]
2018-01-31 08:25:08,543 ERROR [main] - System.err - [org.eclipse.jdt.debug] error can't determine modifiers of missing type org.eclipse.pde.internal.ui.wizards.imports.PluginImportHelper
when weaving type org.eclipse.jdt.internal.debug.core.breakpoints.JavaLineBreakpoint
when weaving classes 
when weaving 
 [Xlint:cantFindType]
2018-01-31 08:25:24,491 ERROR [main] - System.err - [org.eclipse.jdt.debug.ui] error can't determine modifiers of missing type org.eclipse.pde.internal.ui.wizards.imports.PluginImportHelper
when weaving type org.eclipse.jdt.internal.debug.ui.actions.RetargettableActionAdapterFactory
when weaving classes 
when weaving 
 [Xlint:cantFindType]
2018-01-31 08:25:38,385 ERROR [main] - System.err - [org.eclipse.jdt.junit] error can't determine modifiers of missing type org.eclipse.pde.internal.ui.wizards.imports.PluginImportHelper
when weaving type org.eclipse.jdt.internal.junit.wizards.NewTestCaseCreationWizard
when weaving classes 
when weaving 
 [Xlint:cantFindType]
2018-01-31 11:17:33,534 ERROR [main] - System.err - [org.eclipse.jdt.launching] error can't determine modifiers of missing type org.eclipse.pde.internal.ui.wizards.imports.PluginImportHelper
when weaving type org.eclipse.jdt.launching.JavaRuntime
when weaving classes 
when weaving 
 [Xlint:cantFindType]
2018-01-31 11:17:59,795 ERROR [main] - System.err - [org.eclipse.jdt.debug] error can't determine modifiers of missing type org.eclipse.pde.internal.ui.wizards.imports.PluginImportHelper
when weaving type org.eclipse.jdt.internal.debug.core.breakpoints.JavaLineBreakpoint
when weaving classes 
when weaving 
 [Xlint:cantFindType]
2018-01-31 11:18:29,293 ERROR [main] - System.err - [org.eclipse.jdt.debug.ui] error can't determine modifiers of missing type org.eclipse.pde.internal.ui.wizards.imports.PluginImportHelper
when weaving type org.eclipse.jdt.internal.debug.ui.actions.RetargettableActionAdapterFactory
when weaving classes 
when weaving 
 [Xlint:cantFindType]
2018-01-31 11:18:46,296 ERROR [main] - System.err - [org.eclipse.jdt.junit] error can't determine modifiers of missing type org.eclipse.pde.internal.ui.wizards.imports.PluginImportHelper
when weaving type org.eclipse.jdt.internal.junit.ui.JUnitQuickFixProcessor
when weaving classes 
when weaving 
 [Xlint:cantFindType]
